# JRE version: OpenJDK Runtime Environment Temurin-21.0.9+10 (21.0.9+10) (build 21.0.9+10-LTS)
# Java VM: OpenJDK 64-Bit Server VM Temurin-21.0.9+10 (21.0.9+10-LTS, mixed mode, sharing, tiered, compressed oops, compressed class ptrs, parallel gc, windows-amd64)
GC Precious Log:
 CardTable entry size: 512
 CPUs: 8 total, 8 available
 Memory: 7879M
 Large Page Support: Disabled
 NUMA Support: Disabled
 Compressed Oops: Enabled (32-bit)
 Alignments: Space 512K, Generation 512K, Heap 2M
 Heap Min Capacity: 100M
 Heap Initial Capacity: 100M
 Heap Max Capacity: 2G
 Pre-touch: Disabled
 Parallel Workers: 8
Heap:
 PSYoungGen      total 10752K, used 5600K [0x00000000d5580000, 0x00000000d6380000, 0x0000000100000000)
  eden space 6144K, 84% used [0x00000000d5580000,0x00000000d5a98030,0x00000000d5b80000)
  from space 4608K, 8% used [0x00000000d5d00000,0x00000000d5d60000,0x00000000d6180000)
  to   space 2048K, 0% used [0x00000000d6180000,0x00000000d6180000,0x00000000d6380000)
 ParOldGen       total 663040K, used 661783K [0x0000000080000000, 0x00000000a8780000, 0x00000000d5580000)
  object space 663040K, 99% used [0x0000000080000000,0x00000000a8645c70,0x00000000a8780000)
 Metaspace       used 106189K, committed 107968K, reserved 1179648K
  class space    used 10581K, committed 11392K, reserved 1048576K
GC Heap History (20 events):
Event: 149813.509 GC heap before
{Heap before GC invocations=9726 (full 17):
 PSYoungGen      total 2048K, used 2023K [0x00000000d5580000, 0x00000000d5b00000, 0x0000000100000000)
  eden space 1536K, 100% used [0x00000000d5580000,0x00000000d5700000,0x00000000d5700000)
  from space 512K, 95% used [0x00000000d5a00000,0x00000000d5a79d88,0x00000000d5a80000)
  to   space 512K, 0% used [0x00000000d5a80000,0x00000000d5a80000,0x00000000d5b00000)
 ParOldGen       total 609280K, used 609016K [0x0000000080000000, 0x00000000a5300000, 0x00000000d5580000)
  object space 609280K, 99% used [0x0000000080000000,0x00000000a52be090,0x00000000a5300000)
 Metaspace       used 106161K, committed 107968K, reserved 1179648K
  class space    used 10579K, committed 11392K, reserved 1048576K
}
Event: 149813.521 GC heap after
{Heap after GC invocations=9726 (full 17):
 PSYoungGen      total 2560K, used 512K [0x00000000d5580000, 0x00000000d5c80000, 0x0000000100000000)
  eden space 2048K, 0% used [0x00000000d5580000,0x00000000d5580000,0x00000000d5780000)
  from space 512K, 100% used [0x00000000d5a80000,0x00000000d5b00000,0x00000000d5b00000)
  to   space 2560K, 0% used [0x00000000d5780000,0x00000000d5780000,0x00000000d5a00000)
 ParOldGen       total 610816K, used 610479K [0x0000000080000000, 0x00000000a5480000, 0x00000000d5580000)
  object space 610816K, 99% used [0x0000000080000000,0x00000000a542be18,0x00000000a5480000)
 Metaspace       used 106161K, committed 107968K, reserved 1179648K
  class space    used 10579K, committed 11392K, reserved 1048576K
}
Event: 149813.532 GC heap before
{Heap before GC invocations=9727 (full 17):
 PSYoungGen      total 2560K, used 2560K [0x00000000d5580000, 0x00000000d5c80000, 0x0000000100000000)
  eden space 2048K, 100% used [0x00000000d5580000,0x00000000d5780000,0x00000000d5780000)
  from space 512K, 100% used [0x00000000d5a80000,0x00000000d5b00000,0x00000000d5b00000)
  to   space 2560K, 0% used [0x00000000d5780000,0x00000000d5780000,0x00000000d5a00000)
 ParOldGen       total 610816K, used 610479K [0x0000000080000000, 0x00000000a5480000, 0x00000000d5580000)
  object space 610816K, 99% used [0x0000000080000000,0x00000000a542be18,0x00000000a5480000)
 Metaspace       used 106161K, committed 107968K, reserved 1179648K
  class space    used 10579K, committed 11392K, reserved 1048576K
}
Event: 149813.543 GC heap after
{Heap after GC invocations=9727 (full 17):
 PSYoungGen      total 4608K, used 2144K [0x00000000d5580000, 0x00000000d5d00000, 0x0000000100000000)
  eden space 2048K, 0% used [0x00000000d5580000,0x00000000d5580000,0x00000000d5780000)
  from space 2560K, 83% used [0x00000000d5780000,0x00000000d5998000,0x00000000d5a00000)
  to   space 2560K, 0% used [0x00000000d5a80000,0x00000000d5a80000,0x00000000d5d00000)
 ParOldGen       total 611328K, used 611023K [0x0000000080000000, 0x00000000a5500000, 0x00000000d5580000)
  object space 611328K, 99% used [0x0000000080000000,0x00000000a54b3e18,0x00000000a5500000)
 Metaspace       used 106161K, committed 107968K, reserved 1179648K
  class space    used 10579K, committed 11392K, reserved 1048576K
}
Event: 149813.587 GC heap before
{Heap before GC invocations=9728 (full 17):
 PSYoungGen      total 4608K, used 4192K [0x00000000d5580000, 0x00000000d5d00000, 0x0000000100000000)
  eden space 2048K, 100% used [0x00000000d5580000,0x00000000d5780000,0x00000000d5780000)
  from space 2560K, 83% used [0x00000000d5780000,0x00000000d5998000,0x00000000d5a00000)
  to   space 2560K, 0% used [0x00000000d5a80000,0x00000000d5a80000,0x00000000d5d00000)
 ParOldGen       total 611328K, used 611023K [0x0000000080000000, 0x00000000a5500000, 0x00000000d5580000)
  object space 611328K, 99% used [0x0000000080000000,0x00000000a54b3e18,0x00000000a5500000)
 Metaspace       used 106161K, committed 107968K, reserved 1179648K
  class space    used 10579K, committed 11392K, reserved 1048576K
}
Event: 149813.604 GC heap after
{Heap after GC invocations=9728 (full 17):
 PSYoungGen      total 4608K, used 1920K [0x00000000d5580000, 0x00000000d5c80000, 0x0000000100000000)
  eden space 2560K, 0% used [0x00000000d5580000,0x00000000d5580000,0x00000000d5800000)
  from space 2048K, 93% used [0x00000000d5a80000,0x00000000d5c60000,0x00000000d5c80000)
  to   space 2048K, 0% used [0x00000000d5880000,0x00000000d5880000,0x00000000d5a80000)
 ParOldGen       total 613376K, used 613071K [0x0000000080000000, 0x00000000a5700000, 0x00000000d5580000)
  object space 613376K, 99% used [0x0000000080000000,0x00000000a56b3e18,0x00000000a5700000)
 Metaspace       used 106161K, committed 107968K, reserved 1179648K
  class space    used 10579K, committed 11392K, reserved 1048576K
}
Event: 149813.633 GC heap before
{Heap before GC invocations=9729 (full 17):
 PSYoungGen      total 4608K, used 4403K [0x00000000d5580000, 0x00000000d5c80000, 0x0000000100000000)
  eden space 2560K, 97% used [0x00000000d5580000,0x00000000d57ecf88,0x00000000d5800000)
  from space 2048K, 93% used [0x00000000d5a80000,0x00000000d5c60000,0x00000000d5c80000)
  to   space 2048K, 0% used [0x00000000d5880000,0x00000000d5880000,0x00000000d5a80000)
 ParOldGen       total 613376K, used 613071K [0x0000000080000000, 0x00000000a5700000, 0x00000000d5580000)
  object space 613376K, 99% used [0x0000000080000000,0x00000000a56b3e18,0x00000000a5700000)
 Metaspace       used 106161K, committed 107968K, reserved 1179648K
  class space    used 10579K, committed 11392K, reserved 1048576K
}
Event: 149813.665 GC heap after
{Heap after GC invocations=9729 (full 17):
 PSYoungGen      total 5120K, used 2024K [0x00000000d5580000, 0x00000000d6180000, 0x0000000100000000)
  eden space 3072K, 0% used [0x00000000d5580000,0x00000000d5580000,0x00000000d5880000)
  from space 2048K, 98% used [0x00000000d5880000,0x00000000d5a7a000,0x00000000d5a80000)
  to   space 4608K, 0% used [0x00000000d5d00000,0x00000000d5d00000,0x00000000d6180000)
 ParOldGen       total 615424K, used 615143K [0x0000000080000000, 0x00000000a5900000, 0x00000000d5580000)
  object space 615424K, 99% used [0x0000000080000000,0x00000000a58b9e18,0x00000000a5900000)
 Metaspace       used 106161K, committed 107968K, reserved 1179648K
  class space    used 10579K, committed 11392K, reserved 1048576K
}
Event: 149813.840 GC heap before
{Heap before GC invocations=9730 (full 17):
 PSYoungGen      total 5120K, used 5096K [0x00000000d5580000, 0x00000000d6180000, 0x0000000100000000)
  eden space 3072K, 100% used [0x00000000d5580000,0x00000000d5880000,0x00000000d5880000)
  from space 2048K, 98% used [0x00000000d5880000,0x00000000d5a7a000,0x00000000d5a80000)
  to   space 4608K, 0% used [0x00000000d5d00000,0x00000000d5d00000,0x00000000d6180000)
 ParOldGen       total 615424K, used 615143K [0x0000000080000000, 0x00000000a5900000, 0x00000000d5580000)
  object space 615424K, 99% used [0x0000000080000000,0x00000000a58b9e18,0x00000000a5900000)
 Metaspace       used 106164K, committed 107968K, reserved 1179648K
  class space    used 10579K, committed 11392K, reserved 1048576K
}
Event: 149813.864 GC heap after
{Heap after GC invocations=9730 (full 17):
 PSYoungGen      total 6656K, used 2324K [0x00000000d5580000, 0x00000000d5f80000, 0x0000000100000000)
  eden space 4096K, 0% used [0x00000000d5580000,0x00000000d5580000,0x00000000d5980000)
  from space 2560K, 90% used [0x00000000d5d00000,0x00000000d5f45100,0x00000000d5f80000)
  to   space 3072K, 0% used [0x00000000d5980000,0x00000000d5980000,0x00000000d5c80000)
 ParOldGen       total 617472K, used 617031K [0x0000000080000000, 0x00000000a5b00000, 0x00000000d5580000)
  object space 617472K, 99% used [0x0000000080000000,0x00000000a5a91e18,0x00000000a5b00000)
 Metaspace       used 106164K, committed 107968K, reserved 1179648K
  class space    used 10579K, committed 11392K, reserved 1048576K
}
Event: 149814.041 GC heap before
{Heap before GC invocations=9731 (full 17):
 PSYoungGen      total 6656K, used 6420K [0x00000000d5580000, 0x00000000d5f80000, 0x0000000100000000)
  eden space 4096K, 100% used [0x00000000d5580000,0x00000000d5980000,0x00000000d5980000)
  from space 2560K, 90% used [0x00000000d5d00000,0x00000000d5f45100,0x00000000d5f80000)
  to   space 3072K, 0% used [0x00000000d5980000,0x00000000d5980000,0x00000000d5c80000)
 ParOldGen       total 617472K, used 617031K [0x0000000080000000, 0x00000000a5b00000, 0x00000000d5580000)
  object space 617472K, 99% used [0x0000000080000000,0x00000000a5a91e18,0x00000000a5b00000)
 Metaspace       used 106165K, committed 107968K, reserved 1179648K
  class space    used 10579K, committed 11392K, reserved 1048576K
}
Event: 149814.075 GC heap after
{Heap after GC invocations=9731 (full 17):
 PSYoungGen      total 7168K, used 3072K [0x00000000d5580000, 0x00000000d6880000, 0x0000000100000000)
  eden space 4096K, 0% used [0x00000000d5580000,0x00000000d5580000,0x00000000d5980000)
  from space 3072K, 100% used [0x00000000d5980000,0x00000000d5c80000,0x00000000d5c80000)
  to   space 7168K, 0% used [0x00000000d6180000,0x00000000d6180000,0x00000000d6880000)
 ParOldGen       total 620544K, used 620395K [0x0000000080000000, 0x00000000a5e00000, 0x00000000d5580000)
  object space 620544K, 99% used [0x0000000080000000,0x00000000a5ddaf18,0x00000000a5e00000)
 Metaspace       used 106165K, committed 107968K, reserved 1179648K
  class space    used 10579K, committed 11392K, reserved 1048576K
}
Event: 149814.858 GC heap before
{Heap before GC invocations=9732 (full 17):
 PSYoungGen      total 7168K, used 7168K [0x00000000d5580000, 0x00000000d6880000, 0x0000000100000000)
  eden space 4096K, 100% used [0x00000000d5580000,0x00000000d5980000,0x00000000d5980000)
  from space 3072K, 100% used [0x00000000d5980000,0x00000000d5c80000,0x00000000d5c80000)
  to   space 7168K, 0% used [0x00000000d6180000,0x00000000d6180000,0x00000000d6880000)
 ParOldGen       total 620544K, used 620395K [0x0000000080000000, 0x00000000a5e00000, 0x00000000d5580000)
  object space 620544K, 99% used [0x0000000080000000,0x00000000a5ddaf18,0x00000000a5e00000)
 Metaspace       used 106165K, committed 107968K, reserved 1179648K
  class space    used 10579K, committed 11392K, reserved 1048576K
}
Event: 149814.928 GC heap after
{Heap after GC invocations=9732 (full 17):
 PSYoungGen      total 7680K, used 2528K [0x00000000d5580000, 0x00000000d6400000, 0x0000000100000000)
  eden space 5120K, 0% used [0x00000000d5580000,0x00000000d5580000,0x00000000d5a80000)
  from space 2560K, 98% used [0x00000000d6180000,0x00000000d63f8000,0x00000000d6400000)
  to   space 4096K, 0% used [0x00000000d5c00000,0x00000000d5c00000,0x00000000d6000000)
 ParOldGen       total 623616K, used 623459K [0x0000000080000000, 0x00000000a6100000, 0x00000000d5580000)
  object space 623616K, 99% used [0x0000000080000000,0x00000000a60d8f18,0x00000000a6100000)
 Metaspace       used 106165K, committed 107968K, reserved 1179648K
  class space    used 10579K, committed 11392K, reserved 1048576K
}
Event: 149815.000 GC heap before
{Heap before GC invocations=9733 (full 17):
 PSYoungGen      total 7680K, used 7648K [0x00000000d5580000, 0x00000000d6400000, 0x0000000100000000)
  eden space 5120K, 100% used [0x00000000d5580000,0x00000000d5a80000,0x00000000d5a80000)
  from space 2560K, 98% used [0x00000000d6180000,0x00000000d63f8000,0x00000000d6400000)
  to   space 4096K, 0% used [0x00000000d5c00000,0x00000000d5c00000,0x00000000d6000000)
 ParOldGen       total 623616K, used 623459K [0x0000000080000000, 0x00000000a6100000, 0x00000000d5580000)
  object space 623616K, 99% used [0x0000000080000000,0x00000000a60d8f18,0x00000000a6100000)
 Metaspace       used 106165K, committed 107968K, reserved 1179648K
  class space    used 10579K, committed 11392K, reserved 1048576K
}
Event: 149815.010 GC heap after
{Heap after GC invocations=9733 (full 17):
 PSYoungGen      total 10240K, used 4088K [0x00000000d5580000, 0x00000000d6a80000, 0x0000000100000000)
  eden space 6144K, 0% used [0x00000000d5580000,0x00000000d5580000,0x00000000d5b80000)
  from space 4096K, 99% used [0x00000000d5c00000,0x00000000d5ffe360,0x00000000d6000000)
  to   space 7680K, 0% used [0x00000000d6300000,0x00000000d6300000,0x00000000d6a80000)
 ParOldGen       total 626176K, used 625875K [0x0000000080000000, 0x00000000a6380000, 0x00000000d5580000)
  object space 626176K, 99% used [0x0000000080000000,0x00000000a6334e30,0x00000000a6380000)
 Metaspace       used 106165K, committed 107968K, reserved 1179648K
  class space    used 10579K, committed 11392K, reserved 1048576K
}
Event: 149815.137 GC heap before
{Heap before GC invocations=9734 (full 17):
 PSYoungGen      total 10240K, used 10232K [0x00000000d5580000, 0x00000000d6a80000, 0x0000000100000000)
  eden space 6144K, 100% used [0x00000000d5580000,0x00000000d5b80000,0x00000000d5b80000)
  from space 4096K, 99% used [0x00000000d5c00000,0x00000000d5ffe360,0x00000000d6000000)
  to   space 7680K, 0% used [0x00000000d6300000,0x00000000d6300000,0x00000000d6a80000)
 ParOldGen       total 626176K, used 625875K [0x0000000080000000, 0x00000000a6380000, 0x00000000d5580000)
  object space 626176K, 99% used [0x0000000080000000,0x00000000a6334e30,0x00000000a6380000)
 Metaspace       used 106165K, committed 107968K, reserved 1179648K
  class space    used 10579K, committed 11392K, reserved 1048576K
}
Event: 149815.142 GC heap after
{Heap after GC invocations=9734 (full 17):
 PSYoungGen      total 9216K, used 3058K [0x00000000d5580000, 0x00000000d6600000, 0x0000000100000000)
  eden space 6144K, 0% used [0x00000000d5580000,0x00000000d5580000,0x00000000d5b80000)
  from space 3072K, 99% used [0x00000000d6300000,0x00000000d65fcaa0,0x00000000d6600000)
  to   space 4608K, 0% used [0x00000000d5d00000,0x00000000d5d00000,0x00000000d6180000)
 ParOldGen       total 630272K, used 629935K [0x0000000080000000, 0x00000000a6780000, 0x00000000d5580000)
  object space 630272K, 99% used [0x0000000080000000,0x00000000a672bc40,0x00000000a6780000)
 Metaspace       used 106165K, committed 107968K, reserved 1179648K
  class space    used 10579K, committed 11392K, reserved 1048576K
}
Event: 150107.175 GC heap before
{Heap before GC invocations=9735 (full 17):
 PSYoungGen      total 9216K, used 9202K [0x00000000d5580000, 0x00000000d6600000, 0x0000000100000000)
  eden space 6144K, 100% used [0x00000000d5580000,0x00000000d5b80000,0x00000000d5b80000)
  from space 3072K, 99% used [0x00000000d6300000,0x00000000d65fcaa0,0x00000000d6600000)
  to   space 4608K, 0% used [0x00000000d5d00000,0x00000000d5d00000,0x00000000d6180000)
 ParOldGen       total 630272K, used 629935K [0x0000000080000000, 0x00000000a6780000, 0x00000000d5580000)
  object space 630272K, 99% used [0x0000000080000000,0x00000000a672bc40,0x00000000a6780000)
 Metaspace       used 106178K, committed 107968K, reserved 1179648K
  class space    used 10579K, committed 11392K, reserved 1048576K
}
Event: 150107.544 GC heap after
{Heap after GC invocations=9735 (full 17):
 PSYoungGen      total 10752K, used 384K [0x00000000d5580000, 0x00000000d6380000, 0x0000000100000000)
  eden space 6144K, 0% used [0x00000000d5580000,0x00000000d5580000,0x00000000d5b80000)
  from space 4608K, 8% used [0x00000000d5d00000,0x00000000d5d60000,0x00000000d6180000)
  to   space 2048K, 0% used [0x00000000d6180000,0x00000000d6180000,0x00000000d6380000)
 ParOldGen       total 631296K, used 631063K [0x0000000080000000, 0x00000000a6880000, 0x00000000d5580000)
  object space 631296K, 99% used [0x0000000080000000,0x00000000a6845c40,0x00000000a6880000)
 Metaspace       used 106178K, committed 107968K, reserved 1179648K
  class space    used 10579K, committed 11392K, reserved 1048576K
}

